0 info it worked if it ends with ok
1 verbose cli [ 'C:\\Program Files\\nodejs\\node.exe',
1 verbose cli   'C:\\Users\\khai\\AppData\\Roaming\\npm\\node_modules\\npm\\bin\\npm-cli.js',
1 verbose cli   'publish' ]
2 info using npm@3.8.0
3 info using node@v5.7.1
4 verbose publish [ '.' ]
5 verbose stack Error: Failed to parse json
5 verbose stack Unexpected token '"' at 23:5
5 verbose stack     "array"
5 verbose stack     ^
5 verbose stack     at parseError (C:\Users\khai\AppData\Roaming\npm\node_modules\npm\node_modules\read-package-json\read-json.js:379:11)
5 verbose stack     at parseJson (C:\Users\khai\AppData\Roaming\npm\node_modules\npm\node_modules\read-package-json\read-json.js:68:23)
5 verbose stack     at C:\Users\khai\AppData\Roaming\npm\node_modules\npm\node_modules\read-package-json\read-json.js:48:5
5 verbose stack     at C:\Users\khai\AppData\Roaming\npm\node_modules\npm\node_modules\graceful-fs\graceful-fs.js:78:16
5 verbose stack     at tryToString (fs.js:414:3)
5 verbose stack     at FSReqWrap.readFileAfterClose [as oncomplete] (fs.js:401:12)
6 verbose cwd E:\Distro\fn-switch
7 error Windows_NT 6.1.7601
8 error argv "C:\\Program Files\\nodejs\\node.exe" "C:\\Users\\khai\\AppData\\Roaming\\npm\\node_modules\\npm\\bin\\npm-cli.js" "publish"
9 error node v5.7.1
10 error npm  v3.8.0
11 error file E:\Distro\fn-switch\package.json
12 error code EJSONPARSE
13 error Failed to parse json
13 error Unexpected token '"' at 23:5
13 error     "array"
13 error     ^
14 error File: E:\Distro\fn-switch\package.json
15 error Failed to parse package.json data.
15 error package.json must be actual JSON, not just JavaScript.
15 error
15 error This is not a bug in npm.
15 error Tell the package author to fix their package.json file. JSON.parse
16 verbose exit [ 1, true ]
